<?xml version="1.0" encoding="UTF-8"?>

<project name="tools" basedir="." default="jar">
	<property environment="env"/>
	<import file="${env.COUGAAR_INSTALL_PATH}/build/data/cougaar-app-project-import.xml"/>
	
	<target name="HubTest" depends="dist">
		<property name="cougaar.society.file.name" value="PingHubTestSociety.xml"/>
		<property name="cougaar.runtime.file.name" value="SingleNodeRuntime.xml"/>
		<property name="cougaar.node.name" value="Node1"/>
    	<ant target="cougaar-run" antfile="test-build.xml"/>
	</target>
	
	<target name="PingTest" depends="dist">
		<property name="cougaar.society.file.name" value="PingTestSociety.xml"/>
		<property name="cougaar.runtime.file.name" value="SingleNodeRuntime.xml"/>
		<property name="cougaar.node.name" value="Node1"/>
    	<ant target="cougaar-run" antfile="test-build.xml"/>
	</target>
	
	
	<target name="GenericRegressionTest" depends="dist">
		<property name="cougaar.society.file.name" value="RegressionTestSociety.xml"/>
		<property name="cougaar.runtime.file.name" value="SingleNodeRuntime.xml"/>
		<property name="cougaar.node.name" value="Node1"/>
    	<ant target="cougaar-run" antfile="test-build.xml"/>
	</target>
	
	<target name="runBB" depends="dist" >
		<property name="cougaar.society.dir" value="${basedir}/configs/bb"/>
		<ant target="cougaar-run-dir" antfile="test-build.xml"/>
	</target>

	<target name="runBundle" depends="dist" >
		<property name="cougaar.society.dir" value="${basedir}/configs/bundle"/>
		<ant target="cougaar-run-dir" antfile="test-build.xml"/>
	</target>

	<target name="runSingleNode" depends="dist" >
		<property name="cougaar.society.dir" value="${basedir}/configs/singleNode"/>
		<ant target="cougaar-run-dir" antfile="test-build.xml"/>
	</target>
	
	<target name="runSubs" depends="dist" >
		<property name="cougaar.society.dir" value="${basedir}/configs/subs"/>
		<ant target="cougaar-run-dir" antfile="test-build.xml"/>
	</target>
	
	<target name="runPlugins" depends="dist" >
		<property name="cougaar.society.dir" value="${basedir}/configs/plugins"/>
		<ant target="cougaar-run-dir" antfile="test-build.xml"/>
	</target>

	<target name="runThreads" depends="dist" >
		<property name="cougaar.society.dir" value="${basedir}/configs/threads"/>
		<ant target="cougaar-run-dir" antfile="test-build.xml"/>
	</target>


	<target name="runAll" depends="dist">
		<sequential>
		<property name="cougaar.society.file.name" value="RegressionTestSociety.xml"/>
    	<ant target="cougaar-run" antfile="test-build.xml"/>
		<property name="cougaar.society.file.name" value="PingTestSociety.xml"/>
	    <ant target="cougaar-run" antfile="test-build.xml"/>
	    <property name="cougaar.society.file.name" value="PingHubTestSociety.xml"/>
   		<ant target="cougaar-run" antfile="test-build.xml"/>
		</sequential>
	</target>
	
	<target name="runSuite" depends="dist">
		<sequential>
			<ant target="runBB" antfile="test-build.xml"/>	
			<ant target="runBundle" antfile="test-build.xml"/>	
			<ant target="runPlugins" antfile="test-build.xml"/>
			<ant target="runSingleNode" antfile="test-build.xml"/>
			<ant target="runSubs" antfile="test-build.xml"/>
			<ant target="runThreads" antfile="test-build.xml"/>
		</sequential>
	</target>
	
	
	<target name="regression" depends="GenericRegressionTest,PingTest,HubTest">
	</target>
	
</project>
